<?xml version="1.0" encoding="UTF-8"?>
<!-- Generated by org.testng.reporters.JUnitXMLReporter -->
<testsuite ignored="0" hostname="Deepa_Mattur" failures="1" tests="2" name="RegistrationTest" time="109.913" errors="0" timestamp="2026-02-26T20:12:06 IST">
  <testcase classname="shoppingcart.tests.RegistrationTest" name="registerUser" time="7.197">
    <failure type="java.lang.AssertionError" message="Test failed: Email Address already exist!">
      <![CDATA[java.lang.AssertionError: Test failed: Email Address already exist!
at shoppingcart.tests.RegistrationTest.registerUser(RegistrationTest.java:24)
at java.base/java.util.ArrayList.forEach(ArrayList.java:1596)
at java.base/java.util.concurrent.FutureTask.run(FutureTask.java:317)
at java.base/java.util.concurrent.ThreadPoolExecutor.runWorker(ThreadPoolExecutor.java:1144)
at java.base/java.util.concurrent.ThreadPoolExecutor$Worker.run(ThreadPoolExecutor.java:642)
at java.base/java.lang.Thread.run(Thread.java:1583)
... Removed 16 stack frames]]>
    </failure>
  </testcase> <!-- registerUser -->
  <testcase classname="shoppingcart.tests.RegistrationTest" name="registerUser" time="23.825"/>
</testsuite> <!-- RegistrationTest -->
