<?xml version="1.0" encoding="UTF-8"?>
<!-- Generated by org.testng.reporters.JUnitXMLReporter -->
<testsuite ignored="0" hostname="Deepa_Mattur" failures="1" tests="1" name="Test" time="0.291" errors="0" timestamp="2026-02-08T22:29:27 IST">
  <testcase classname="shoppingcart.tests.RegistrationTest" name="registerUser_Logout" time="0.0">
    <failure type="java.lang.RuntimeException" message="com.fasterxml.jackson.core.JsonParseException: Unexpected character (&amp;apos;]&amp;apos; (code 93)): expected a valid value (JSON String, Number, Array, Object or token &amp;apos;null&amp;apos;, &amp;apos;true&amp;apos; or &amp;apos;false&amp;apos;)
 at [Source: (StringReader); line: 53, column: 2]">
      <![CDATA[java.lang.RuntimeException: com.fasterxml.jackson.core.JsonParseException: Unexpected character (']' (code 93)): expected a valid value (JSON String, Number, Array, Object or token 'null', 'true' or 'false')
 at [Source: (StringReader); line: 53, column: 2]
at java.base/java.util.ArrayList.forEach(ArrayList.java:1596)
Caused by: com.fasterxml.jackson.core.JsonParseException: Unexpected character (']' (code 93)): expected a valid value (JSON String, Number, Array, Object or token 'null', 'true' or 'false')
 at [Source: (StringReader); line: 53, column: 2]
at com.fasterxml.jackson.core.JsonParser._constructError(JsonParser.java:2477)
at com.fasterxml.jackson.core.base.ParserMinimalBase._reportError(ParserMinimalBase.java:750)
at com.fasterxml.jackson.core.base.ParserMinimalBase._reportUnexpectedChar(ParserMinimalBase.java:674)
at com.fasterxml.jackson.core.json.ReaderBasedJsonParser._handleOddValue(ReaderBasedJsonParser.java:2085)
at com.fasterxml.jackson.core.json.ReaderBasedJsonParser.nextToken(ReaderBasedJsonParser.java:808)
at com.fasterxml.jackson.databind.deser.std.CollectionDeserializer._deserializeFromArray(CollectionDeserializer.java:350)
at com.fasterxml.jackson.databind.deser.std.CollectionDeserializer.deserialize(CollectionDeserializer.java:244)
at com.fasterxml.jackson.databind.deser.std.CollectionDeserializer.deserialize(CollectionDeserializer.java:28)
at com.fasterxml.jackson.databind.deser.DefaultDeserializationContext.readRootValue(DefaultDeserializationContext.java:323)
at com.fasterxml.jackson.databind.ObjectMapper._readMapAndClose(ObjectMapper.java:4825)
at com.fasterxml.jackson.databind.ObjectMapper.readValue(ObjectMapper.java:3793)
at shoppingcart.TestComponents.BaseTest.getJSONDataToMap(BaseTest.java:80)
at shoppingcart.tests.RegistrationTest.getjsonData(RegistrationTest.java:28)
... 25 more
... Removed 30 stack frames]]>
    </failure>
  </testcase> <!-- registerUser_Logout -->
</testsuite> <!-- Test -->
