<?xml version="1.0" encoding="UTF-8"?>
<testng-results ignored="0" total="2" passed="1" failed="1" skipped="0">
  <reporter-output>
  </reporter-output>
  <suite started-at="2026-03-11T15:47:40 IST" name="Default suite" finished-at="2026-03-11T15:48:28 IST" duration-ms="48542">
    <groups>
      <group name="Registration">
        <method signature="RegistrationTest.registerUser(java.util.HashMap)[pri:0, instance:shoppingcart.tests.RegistrationTest@24aed80c]" name="registerUser" class="shoppingcart.tests.RegistrationTest"/>
      </group> <!-- Registration -->
    </groups>
    <test started-at="2026-03-11T15:47:40 IST" name="Default test" finished-at="2026-03-11T15:48:28 IST" duration-ms="48542">
      <class name="shoppingcart.tests.RegistrationTest">
        <test-method is-config="true" signature="launchApplication()[pri:0, instance:shoppingcart.tests.RegistrationTest@24aed80c]" started-at="2026-03-11T15:47:40 IST" name="launchApplication" finished-at="2026-03-11T15:47:52 IST" duration-ms="11647" status="PASS">
          <reporter-output>
          </reporter-output>
        </test-method> <!-- launchApplication -->
        <test-method signature="registerUser(java.util.HashMap)[pri:0, instance:shoppingcart.tests.RegistrationTest@24aed80c]" started-at="2026-03-11T15:47:52 IST" name="registerUser" data-provider="getjsonData" finished-at="2026-03-11T15:48:20 IST" duration-ms="28117" status="PASS">
          <params>
            <param index="0">
              <value>
                <![CDATA[{country=India, firstname=Deepa, address=Jawahar Navodaya Vidyalaya Doddballapur, mobilenumber=8953689769, gender=Mrs, year=2021, city=Bangalore, lastname=Mattur, zipcode=560006, month=February, name=Deepa, state=karnataka, pwd=Deeps@1995, day=5, email=deeps1747@gmail.com}]]>
              </value>
            </param>
          </params>
          <reporter-output>
          </reporter-output>
        </test-method> <!-- registerUser -->
        <test-method is-config="true" signature="tearDown()[pri:0, instance:shoppingcart.tests.RegistrationTest@24aed80c]" started-at="2026-03-11T15:48:20 IST" name="tearDown" finished-at="2026-03-11T15:48:21 IST" duration-ms="525" status="PASS">
          <reporter-output>
          </reporter-output>
        </test-method> <!-- tearDown -->
        <test-method is-config="true" signature="launchApplication()[pri:0, instance:shoppingcart.tests.RegistrationTest@24aed80c]" started-at="2026-03-11T15:48:21 IST" name="launchApplication" finished-at="2026-03-11T15:48:23 IST" duration-ms="2397" status="PASS">
          <reporter-output>
          </reporter-output>
        </test-method> <!-- launchApplication -->
        <test-method signature="registerUser(java.util.HashMap)[pri:0, instance:shoppingcart.tests.RegistrationTest@24aed80c]" started-at="2026-03-11T15:48:23 IST" name="registerUser" data-provider="getjsonData" finished-at="2026-03-11T15:48:28 IST" duration-ms="5140" status="FAIL">
          <params>
            <param index="0">
              <value>
                <![CDATA[{country=India, firstname=Satish, address=Jawahar Navodaya Vidyalaya Doddballapur, mobilenumber=8767899755, gender=Mr, year=2020, city=Bangalore, lastname=Patil, zipcode=560006, month=February, name=Satish, state=karnataka, pwd=sat@1994, day=6, email=sat1747@gmail.com}]]>
              </value>
            </param>
          </params>
          <exception class="org.openqa.selenium.NoSuchWindowException">
            <message>
              <![CDATA[no such window: target window already closed
from unknown error: web view not found
  (Session info: chrome=144.0.7559.133)
Build info: version: '4.39.0', revision: '126f156aee'
System info: os.name: 'Windows 11', os.arch: 'amd64', os.version: '10.0', java.version: '21.0.8'
Driver info: org.openqa.selenium.chrome.ChromeDriver
Command: [a411a300d6502a5c9e086171213ca2b3, findElement {using=css selector, value=a[href='/login']}]
Capabilities {acceptInsecureCerts: false, browserName: chrome, browserVersion: 144.0.7559.133, chrome: {chromedriverVersion: 144.0.7559.133 (7da823b1d59..., userDataDir: C:\Users\deepa\AppData\Loca...}, fedcm:accounts: true, goog:chromeOptions: {debuggerAddress: localhost:58042}, goog:processID: 42424, networkConnectionEnabled: false, pageLoadStrategy: normal, platformName: windows, proxy: Proxy(), se:cdp: ws://localhost:58042/devtoo..., se:cdpVersion: 144.0.7559.133, setWindowRect: true, strictFileInteractability: false, timeouts: {implicit: 0, pageLoad: 300000, script: 30000}, unhandledPromptBehavior: dismiss and notify, webauthn:extension:credBlob: true, webauthn:extension:largeBlob: true, webauthn:extension:minPinLength: true, webauthn:extension:prf: true, webauthn:virtualAuthenticators: true}
Session ID: a411a300d6502a5c9e086171213ca2b3]]>
            </message>
            <full-stacktrace>
              <![CDATA[org.openqa.selenium.NoSuchWindowException: no such window: target window already closed
from unknown error: web view not found
  (Session info: chrome=144.0.7559.133)
Build info: version: '4.39.0', revision: '126f156aee'
System info: os.name: 'Windows 11', os.arch: 'amd64', os.version: '10.0', java.version: '21.0.8'
Driver info: org.openqa.selenium.chrome.ChromeDriver
Command: [a411a300d6502a5c9e086171213ca2b3, findElement {using=css selector, value=a[href='/login']}]
Capabilities {acceptInsecureCerts: false, browserName: chrome, browserVersion: 144.0.7559.133, chrome: {chromedriverVersion: 144.0.7559.133 (7da823b1d59..., userDataDir: C:\Users\deepa\AppData\Loca...}, fedcm:accounts: true, goog:chromeOptions: {debuggerAddress: localhost:58042}, goog:processID: 42424, networkConnectionEnabled: false, pageLoadStrategy: normal, platformName: windows, proxy: Proxy(), se:cdp: ws://localhost:58042/devtoo..., se:cdpVersion: 144.0.7559.133, setWindowRect: true, strictFileInteractability: false, timeouts: {implicit: 0, pageLoad: 300000, script: 30000}, unhandledPromptBehavior: dismiss and notify, webauthn:extension:credBlob: true, webauthn:extension:largeBlob: true, webauthn:extension:minPinLength: true, webauthn:extension:prf: true, webauthn:virtualAuthenticators: true}
Session ID: a411a300d6502a5c9e086171213ca2b3
at java.base/jdk.internal.reflect.DirectConstructorHandleAccessor.newInstance(DirectConstructorHandleAccessor.java:62)
at java.base/java.lang.reflect.Constructor.newInstanceWithCaller(Constructor.java:502)
at java.base/java.lang.reflect.Constructor.newInstance(Constructor.java:486)
at org.openqa.selenium.remote.ErrorCodec.decode(ErrorCodec.java:167)
at org.openqa.selenium.remote.codec.w3c.W3CHttpResponseCodec.decode(W3CHttpResponseCodec.java:142)
at org.openqa.selenium.remote.codec.w3c.W3CHttpResponseCodec.decode(W3CHttpResponseCodec.java:49)
at org.openqa.selenium.remote.HttpCommandExecutor.execute(HttpCommandExecutor.java:215)
at org.openqa.selenium.remote.service.DriverCommandExecutor.invokeExecute(DriverCommandExecutor.java:216)
at org.openqa.selenium.remote.service.DriverCommandExecutor.execute(DriverCommandExecutor.java:174)
at org.openqa.selenium.remote.RemoteWebDriver.execute(RemoteWebDriver.java:561)
at org.openqa.selenium.remote.ElementLocation$ElementFinder$2.findElement(ElementLocation.java:166)
at org.openqa.selenium.remote.ElementLocation.findElement(ElementLocation.java:60)
at org.openqa.selenium.remote.RemoteWebDriver.findElement(RemoteWebDriver.java:384)
at org.openqa.selenium.remote.RemoteWebDriver.findElement(RemoteWebDriver.java:378)
at org.openqa.selenium.support.pagefactory.DefaultElementLocator.findElement(DefaultElementLocator.java:68)
at org.openqa.selenium.support.pagefactory.internal.LocatingElementHandler.invoke(LocatingElementHandler.java:38)
at jdk.proxy2/jdk.proxy2.$Proxy15.toString(Unknown Source)
at java.base/java.lang.String.valueOf(String.java:4465)
at org.openqa.selenium.support.ui.ExpectedConditions$10.toString(ExpectedConditions.java:299)
at java.base/java.lang.String.valueOf(String.java:4465)
at org.openqa.selenium.support.ui.FluentWait.until(FluentWait.java:225)
at shoppingcart.AbstractComponents.AbstractComponents.waitForWebElementToAppear(AbstractComponents.java:29)
at shoppingcart.pageobjects.LandingPage.clickOnSignUp(LandingPage.java:27)
at shoppingcart.tests.RegistrationTest.registerUser(RegistrationTest.java:19)
at java.base/jdk.internal.reflect.DirectMethodHandleAccessor.invoke(DirectMethodHandleAccessor.java:103)
at java.base/java.lang.reflect.Method.invoke(Method.java:580)
at org.testng.internal.invokers.MethodInvocationHelper.invokeMethod(MethodInvocationHelper.java:141)
at org.testng.internal.invokers.TestInvoker.invokeMethod(TestInvoker.java:687)
at org.testng.internal.invokers.TestInvoker.invokeTestMethod(TestInvoker.java:230)
at org.testng.internal.invokers.MethodRunner.runInSequence(MethodRunner.java:63)
at org.testng.internal.invokers.TestInvoker$MethodInvocationAgent.invoke(TestInvoker.java:995)
at org.testng.internal.invokers.TestInvoker.invokeTestMethods(TestInvoker.java:203)
at org.testng.internal.invokers.TestMethodWorker.invokeTestMethods(TestMethodWorker.java:154)
at org.testng.internal.invokers.TestMethodWorker.run(TestMethodWorker.java:134)
at java.base/java.util.ArrayList.forEach(ArrayList.java:1596)
at org.testng.TestRunner.privateRun(TestRunner.java:741)
at org.testng.TestRunner.run(TestRunner.java:616)
at org.testng.SuiteRunner.runTest(SuiteRunner.java:421)
at org.testng.SuiteRunner.runSequentially(SuiteRunner.java:413)
at org.testng.SuiteRunner.privateRun(SuiteRunner.java:373)
at org.testng.SuiteRunner.run(SuiteRunner.java:312)
at org.testng.SuiteRunnerWorker.runSuite(SuiteRunnerWorker.java:52)
at org.testng.SuiteRunnerWorker.run(SuiteRunnerWorker.java:95)
at org.testng.TestNG.runSuitesSequentially(TestNG.java:1274)
at org.testng.TestNG.runSuitesLocally(TestNG.java:1208)
at org.testng.TestNG.runSuites(TestNG.java:1112)
at org.testng.TestNG.run(TestNG.java:1079)
at org.testng.remote.AbstractRemoteTestNG.run(AbstractRemoteTestNG.java:115)
at org.testng.remote.RemoteTestNG.initAndRun(RemoteTestNG.java:293)
at org.testng.remote.RemoteTestNG.main(RemoteTestNG.java:91)
]]>
            </full-stacktrace>
          </exception> <!-- org.openqa.selenium.NoSuchWindowException -->
          <reporter-output>
          </reporter-output>
        </test-method> <!-- registerUser -->
        <test-method is-config="true" signature="tearDown()[pri:0, instance:shoppingcart.tests.RegistrationTest@24aed80c]" started-at="2026-03-11T15:48:28 IST" name="tearDown" finished-at="2026-03-11T15:48:28 IST" duration-ms="70" status="PASS">
          <reporter-output>
          </reporter-output>
        </test-method> <!-- tearDown -->
      </class> <!-- shoppingcart.tests.RegistrationTest -->
    </test> <!-- Default test -->
  </suite> <!-- Default suite -->
</testng-results>
